2025-07-20 11:51:20,622 - INFO - Arquivo Excel atual definido para: None
2025-07-20 11:51:20,825 - INFO - Usuário operador logado na planta Multinacional
2025-07-20 11:52:51,681 - INFO - Arquivo Excel atual definido para: c:\Users\pablo\OneDrive\Desktop\inventario.sistema\Campinas\dados_produtos_campinas.xlsx
2025-07-20 11:52:51,892 - INFO - Usuário operador logado na planta Campinas
2025-07-20 12:01:12,244 - INFO - Arquivo Excel atual definido para: c:\Users\pablo\OneDrive\Desktop\inventario.sistema\Campinas\dados_produtos_campinas.xlsx
2025-07-20 12:01:12,459 - INFO - Usuário operador logado na planta Campinas
2025-07-20 12:01:58,145 - INFO - Arquivo Excel atual definido para: None
2025-07-20 12:01:58,348 - INFO - Usuário operador logado na planta Selecione...
2025-07-20 12:04:13,971 - INFO - Arquivo Excel atual definido para: c:\Users\pablo\OneDrive\Desktop\inventario.sistema\Campinas\dados_produtos_campinas.xlsx
2025-07-20 12:04:14,177 - INFO - Usuário operador logado na planta Campinas
2025-07-20 12:05:02,907 - INFO - Arquivo Excel atual definido para: c:\Users\pablo\OneDrive\Desktop\inventario.sistema\Campinas\dados_produtos_campinas.xlsx
2025-07-20 12:05:03,116 - INFO - Usuário operador logado na planta Campinas
2025-07-20 12:07:31,161 - INFO - Arquivo Excel atual definido para: c:\Users\pablo\OneDrive\Desktop\inventario.sistema\Campinas\dados_produtos_campinas.xlsx
2025-07-20 12:07:31,366 - INFO - Usuário operador logado na planta Campinas
2025-07-20 12:09:08,400 - INFO - Arquivo Excel atual definido para: c:\Users\pablo\OneDrive\Desktop\inventario.sistema\Campinas\dados_produtos_campinas.xlsx
2025-07-20 12:09:08,608 - INFO - Usuário operador logado na planta Campinas
2025-07-20 12:13:26,737 - INFO - Arquivo Excel atual definido para: c:\Users\pablo\OneDrive\Desktop\inventario.sistema\Campinas\dados_produtos_campinas.xlsx
2025-07-20 12:13:26,947 - INFO - Usuário operador logado na planta Campinas
2025-07-20 12:14:55,683 - INFO - Arquivo Excel atual definido para: c:\Users\pablo\OneDrive\Desktop\inventario.sistema\Campinas\dados_produtos_campinas.xlsx
2025-07-20 12:14:55,897 - INFO - Usuário operador logado na planta Campinas
2025-07-20 12:17:38,784 - INFO - Arquivo Excel atual definido para: c:\Users\pablo\OneDrive\Desktop\inventario.sistema\Campinas\dados_produtos_campinas.xlsx
2025-07-20 12:17:38,998 - INFO - Usuário operador logado na planta Campinas
2025-07-20 12:28:54,801 - INFO - Arquivo Excel atual definido para: c:\Users\pablo\OneDrive\Desktop\inventario.sistema\Campinas\dados_produtos_campinas.xlsx
2025-07-20 12:28:55,012 - INFO - Usuário operador logado na planta Campinas
2025-07-20 12:30:09,039 - INFO - Arquivo Excel atual definido para: None
2025-07-20 12:30:09,241 - INFO - Usuário operador logado na planta Selecione...
2025-07-20 12:31:51,474 - INFO - Arquivo Excel atual definido para: c:\Users\pablo\OneDrive\Desktop\inventario.sistema\Campinas\dados_produtos_campinas.xlsx
2025-07-20 12:31:51,686 - INFO - Usuário operador logado na planta Campinas
2025-07-20 12:34:32,275 - INFO - Arquivo Excel atual definido para: c:\Users\pablo\OneDrive\Desktop\inventario.sistema\Campinas\dados_produtos_campinas.xlsx
2025-07-20 12:34:32,479 - INFO - Usuário operador logado na planta Campinas
2025-07-20 12:35:35,520 - INFO - Arquivo Excel atual definido para: c:\Users\pablo\OneDrive\Desktop\inventario.sistema\Campinas\dados_produtos_campinas.xlsx
2025-07-20 12:35:35,731 - INFO - Usuário operador logado na planta Campinas
2025-07-20 12:36:27,461 - INFO - Arquivo Excel atual definido para: c:\Users\pablo\OneDrive\Desktop\inventario.sistema\MAFRA\dados_produtos_mafra.xlsx
2025-07-20 12:36:27,666 - INFO - Usuário operador logado na planta MAFRA
2025-07-20 12:38:58,753 - INFO - Arquivo Excel atual definido para: c:\Users\pablo\OneDrive\Desktop\inventario.sistema\Campinas\dados_produtos_campinas.xlsx
2025-07-20 12:38:58,958 - INFO - Usuário operador logado na planta Campinas
2025-07-20 12:41:06,700 - INFO - Arquivo Excel atual definido para: c:\Users\pablo\OneDrive\Desktop\inventario.sistema\Campinas\dados_produtos_campinas.xlsx
2025-07-20 12:41:06,912 - INFO - Usuário operador logado na planta Campinas
2025-07-20 12:42:50,907 - INFO - Arquivo Excel atual definido para: c:\Users\pablo\OneDrive\Desktop\inventario.sistema\Campinas\dados_produtos_campinas.xlsx
2025-07-20 12:42:51,125 - INFO - Usuário operador logado na planta Campinas
2025-07-20 12:43:36,490 - INFO - Arquivo Excel atual definido para: c:\Users\pablo\OneDrive\Desktop\inventario.sistema\Campinas\dados_produtos_campinas.xlsx
2025-07-20 12:43:36,703 - INFO - Usuário operador logado na planta Campinas
2025-07-20 12:45:56,112 - INFO - Arquivo Excel atual definido para: c:\Users\pablo\OneDrive\Desktop\inventario.sistema\Campinas\dados_produtos_campinas.xlsx
2025-07-20 12:45:56,329 - INFO - Usuário operador logado na planta Campinas
2025-07-20 13:54:56,510 - INFO - Arquivo Excel atual definido para: c:\Users\pablo\OneDrive\Desktop\inventario.sistema\Campinas\dados_produtos_campinas.xlsx
2025-07-20 13:54:56,714 - INFO - Usuário operador logado na planta Campinas
2025-07-20 13:56:37,652 - INFO - Arquivo Excel atual definido para: None
2025-07-20 13:56:37,855 - INFO - Usuário operador logado na planta Selecione...
2025-07-20 13:57:54,324 - INFO - Arquivo Excel atual definido para: c:\Users\pablo\OneDrive\Desktop\inventario.sistema\Campinas\dados_produtos_campinas.xlsx
2025-07-20 13:57:54,531 - INFO - Usuário operador logado na planta Campinas
2025-07-20 13:58:25,160 - INFO - Arquivo Excel atual definido para: c:\Users\pablo\OneDrive\Desktop\inventario.sistema\MAFRA\dados_produtos_mafra.xlsx
2025-07-20 13:58:25,373 - INFO - Usuário operador logado na planta MAFRA
